{"uuid":"5d856351-4e52-4e69-9b03-75c9df1c9b4b","historyId":"ce8521cef5c5940ff7018803c356608a","fullName":"User sign up and Login to Book store with credentials and also validation on input for APIs: Sign up as a new user with valid credentials and login with same and verify the token getting generated","labels":[{"name":"tag","value":"UserSignUpFlowFeature"},{"name":"tag","value":"SignUpAndLogin"},{"name":"host","value":"MacBook-Pro-6.local"},{"name":"thread","value":"83791@MacBook-Pro-6.local.main(1)"},{"name":"feature","value":"User sign up and Login to Book store with credentials and also validation on input for APIs"},{"name":"story","value":"Sign up as a new user with valid credentials and login with same and verify the token getting generated"},{"name":"suite","value":"User sign up and Login to Book store with credentials and also validation on input for APIs"},{"name":"testClass","value":"Sign up as a new user with valid credentials and login with same and verify the token getting generated"},{"name":"framework","value":"cucumber4jvm"},{"name":"language","value":"java"},{"name":"gherkin_uri","value":"file:///Users/lishag/book-store-api-automation/src/test/resources/features/UserSignUpFlow.feature"},{"name":"package","value":"src.test.resources.features.UserSignUpFlow_feature.User sign up and Login to Book store with credentials and also validation on input for APIs"}],"links":[],"name":"Sign up as a new user with valid credentials and login with same and verify the token getting generated","status":"failed","statusDetails":{"known":false,"muted":false,"flaky":false,"message":"Sign up expected status code mismatch expected [200] but found [403]","trace":"java.lang.AssertionError: Sign up expected status code mismatch expected [200] but found [403]\n\tat org.testng.Assert.fail(Assert.java:111)\n\tat org.testng.Assert.failNotEquals(Assert.java:1578)\n\tat org.testng.Assert.assertEqualsImpl(Assert.java:150)\n\tat org.testng.Assert.assertEquals(Assert.java:132)\n\tat org.testng.Assert.assertEquals(Assert.java:1419)\n\tat org.testng.Assert.assertEquals(Assert.java:1383)\n\tat Steps.UserStepDefs.validateThatTheResponseCodeIsAfterSuccessfulSignUp(UserStepDefs.java:50)\n\tat ✽.validate that the response code is 200 and response message should be User created successfully after sign up(file:///Users/lishag/book-store-api-automation/src/test/resources/features/UserSignUpFlow.feature:42)\n"},"stage":"finished","steps":[{"name":"Given  Sign up to the book store as the new user with email and password","status":"passed","statusDetails":{"known":false,"muted":false,"flaky":false},"stage":"finished","steps":[],"attachments":[],"parameters":[],"start":1743824767686,"stop":1743824767686},{"name":"When  do the sign up with valid credentials","status":"passed","statusDetails":{"known":false,"muted":false,"flaky":false},"stage":"finished","steps":[],"attachments":[],"parameters":[],"start":1743824767686,"stop":1743824767705},{"name":"Then  validate that the response code is 200 and response message should be User created successfully after sign up","status":"failed","statusDetails":{"known":false,"muted":false,"flaky":false,"message":"Sign up expected status code mismatch expected [200] but found [403]","trace":"java.lang.AssertionError: Sign up expected status code mismatch expected [200] but found [403]\n\tat org.testng.Assert.fail(Assert.java:111)\n\tat org.testng.Assert.failNotEquals(Assert.java:1578)\n\tat org.testng.Assert.assertEqualsImpl(Assert.java:150)\n\tat org.testng.Assert.assertEquals(Assert.java:132)\n\tat org.testng.Assert.assertEquals(Assert.java:1419)\n\tat org.testng.Assert.assertEquals(Assert.java:1383)\n\tat Steps.UserStepDefs.validateThatTheResponseCodeIsAfterSuccessfulSignUp(UserStepDefs.java:50)\n\tat ✽.validate that the response code is 200 and response message should be User created successfully after sign up(file:///Users/lishag/book-store-api-automation/src/test/resources/features/UserSignUpFlow.feature:42)\n"},"stage":"finished","steps":[],"attachments":[],"parameters":[],"start":1743824767705,"stop":1743824767710},{"name":"When  user tried to login with valid credentials into book store system","status":"skipped","statusDetails":{"known":false,"muted":false,"flaky":false},"stage":"finished","steps":[],"attachments":[],"parameters":[],"start":1743824767710,"stop":1743824767710},{"name":"Then  verify the response after login into book store should 200 and successLogin","status":"skipped","statusDetails":{"known":false,"muted":false,"flaky":false},"stage":"finished","steps":[],"attachments":[],"parameters":[],"start":1743824767710,"stop":1743824767710}],"attachments":[],"parameters":[],"start":1743824767685,"stop":1743824767710}